-------------------------------------------------------------------------------
Test set: cucumber.Options.TestRunner
-------------------------------------------------------------------------------
Tests run: 7, Failures: 1, Errors: 0, Skipped: 0, Time elapsed: 31.769 sec <<< FAILURE! - in cucumber.Options.TestRunner
Verify Get_Rows when no input file is given(Validation of Get_Rows API)  Time elapsed: 0.361 sec  <<< FAILURE!
java.lang.AssertionError: expected:<500> but was:<400>

